<!DOCTYPE html>
<html lang="zh-CN">
<head>
  <meta charset="UTF-8">
<meta name="viewport" content="width=device-width, initial-scale=1, maximum-scale=2">
<meta name="theme-color" content="#222">
<meta name="generator" content="Hexo 4.0.0">
  <link rel="apple-touch-icon" sizes="180x180" href="/images/apple-touch-icon-next.png">
  <link rel="icon" type="image/png" sizes="32x32" href="/images/favicon-32x32.ico">
  <link rel="icon" type="image/png" sizes="16x16" href="/images/favicon-16x16.ico">
  <link rel="mask-icon" href="/images/logo.svg" color="#222">

<link rel="stylesheet" href="/css/main.css">


<link rel="stylesheet" href="/lib/font-awesome/css/font-awesome.min.css">


<script id="hexo-configurations">
  var NexT = window.NexT || {};
  var CONFIG = {
    root: '/',
    scheme: 'Muse',
    version: '7.5.0',
    exturl: false,
    sidebar: {"position":"right","display":"post","offset":12,"onmobile":false},
    copycode: {"enable":false,"show_result":false,"style":null},
    back2top: {"enable":true,"sidebar":false,"scrollpercent":true},
    bookmark: {"enable":false,"color":"#222","save":"auto"},
    fancybox: false,
    mediumzoom: false,
    lazyload: false,
    pangu: false,
    algolia: {
      appID: '',
      apiKey: '',
      indexName: '',
      hits: {"per_page":10},
      labels: {"input_placeholder":"Search for Posts","hits_empty":"We didn't find any results for the search: ${query}","hits_stats":"${hits} results found in ${time} ms"}
    },
    localsearch: {"enable":true,"trigger":"auto","top_n_per_article":1,"unescape":false,"preload":false},
    path: 'search.xml',
    motion: {"enable":true,"async":false,"transition":{"post_block":"fadeIn","post_header":"slideDownIn","post_body":"slideDownIn","coll_header":"slideLeftIn","sidebar":"slideUpIn"}},
    translation: {
      copy_button: '复制',
      copy_success: '复制成功',
      copy_failure: '复制失败'
    },
    sidebarPadding: 40
  };
</script>

  <meta name="description" content="PostgreSQL技术-CTE与递归的使用我接触PostgreSQL已有一年有余了, 为了分享自己的经验，之后会撰写一些列与之相关的文章。 功能定义早在SQL:1999中，就定义了通用表表达式和递归查询相关功能. 以WITH开始的部分我们将其称为公共表表达式(Common Table Expression, CTE), 它提供了一种在大型查询中的辅助语句，可以被看成是定义在一个查询中的临时表,它">
<meta name="keywords" content="postgres,sql,recursive,cte">
<meta property="og:type" content="article">
<meta property="og:title" content="PostgreSQL技术-CTE与递归的使用">
<meta property="og:url" content="https:&#x2F;&#x2F;souhup.top&#x2F;2020&#x2F;08&#x2F;30&#x2F;PostgreSQL%E6%8A%80%E6%9C%AF-CTE%E4%B8%8E%E9%80%92%E5%BD%92%E7%9A%84%E4%BD%BF%E7%94%A8&#x2F;index.html">
<meta property="og:site_name" content="美好的每一天">
<meta property="og:description" content="PostgreSQL技术-CTE与递归的使用我接触PostgreSQL已有一年有余了, 为了分享自己的经验，之后会撰写一些列与之相关的文章。 功能定义早在SQL:1999中，就定义了通用表表达式和递归查询相关功能. 以WITH开始的部分我们将其称为公共表表达式(Common Table Expression, CTE), 它提供了一种在大型查询中的辅助语句，可以被看成是定义在一个查询中的临时表,它">
<meta property="og:locale" content="zh-CN">
<meta property="og:updated_time" content="2020-08-30T15:11:31.790Z">
<meta name="twitter:card" content="summary">

<link rel="canonical" href="https://souhup.top/2020/08/30/PostgreSQL%E6%8A%80%E6%9C%AF-CTE%E4%B8%8E%E9%80%92%E5%BD%92%E7%9A%84%E4%BD%BF%E7%94%A8/">


<script id="page-configurations">
  // https://hexo.io/docs/variables.html
  CONFIG.page = {
    sidebar: "",
    isHome: false,
    isPost: true,
    isPage: false,
    isArchive: false
  };
</script>

  <title>PostgreSQL技术-CTE与递归的使用 | 美好的每一天</title>
  






  <noscript>
  <style>
  .use-motion .brand,
  .use-motion .menu-item,
  .sidebar-inner,
  .use-motion .post-block,
  .use-motion .pagination,
  .use-motion .comments,
  .use-motion .post-header,
  .use-motion .post-body,
  .use-motion .collection-header { opacity: initial; }

  .use-motion .site-title,
  .use-motion .site-subtitle {
    opacity: initial;
    top: initial;
  }

  .use-motion .logo-line-before i { left: initial; }
  .use-motion .logo-line-after i { right: initial; }
  </style>
</noscript>

</head>

<body itemscope itemtype="http://schema.org/WebPage">
  <div class="container use-motion">
    <div class="headband"></div>

    <header class="header" itemscope itemtype="http://schema.org/WPHeader">
      <div class="header-inner"><div class="site-brand-container">
  <div class="site-meta">

    <div>
      <a href="/" class="brand" rel="start">
        <span class="logo-line-before"><i></i></span>
        <span class="site-title">美好的每一天</span>
        <span class="logo-line-after"><i></i></span>
      </a>
    </div>
  </div>

  <div class="site-nav-toggle">
    <div class="toggle" aria-label="切换导航栏">
      <span class="toggle-line toggle-line-first"></span>
      <span class="toggle-line toggle-line-middle"></span>
      <span class="toggle-line toggle-line-last"></span>
    </div>
  </div>
</div>


<nav class="site-nav">
  
  <ul id="menu" class="menu">
        <li class="menu-item menu-item-home">

    <a href="/" rel="section"><i class="fa fa-fw fa-home"></i>首页</a>

  </li>
        <li class="menu-item menu-item-tags">

    <a href="/tags/" rel="section"><i class="fa fa-fw fa-tags"></i>标签</a>

  </li>
        <li class="menu-item menu-item-categories">

    <a href="/categories/" rel="section"><i class="fa fa-fw fa-th"></i>分类</a>

  </li>
        <li class="menu-item menu-item-archives">

    <a href="/archives/" rel="section"><i class="fa fa-fw fa-archive"></i>归档</a>

  </li>
      <li class="menu-item menu-item-search">
        <a role="button" class="popup-trigger"><i class="fa fa-search fa-fw"></i>搜索
        </a>
      </li>
  </ul>

</nav>
  <div class="site-search">
    <div class="popup search-popup">
    <div class="search-header">
  <span class="search-icon">
    <i class="fa fa-search"></i>
  </span>
  <div class="search-input-container">
    <input autocomplete="off" autocorrect="off" autocapitalize="none"
           placeholder="搜索..." spellcheck="false"
           type="text" id="search-input">
  </div>
  <span class="popup-btn-close">
    <i class="fa fa-times-circle"></i>
  </span>
</div>
<div id="search-result"></div>

</div>
<div class="search-pop-overlay"></div>

  </div>
</div>
    </header>

    
  <div class="back-to-top">
    <i class="fa fa-arrow-up"></i>
    <span>0%</span>
  </div>

  <a href="https://github.com/souhup" class="github-corner" title="Follow me on GitHub" aria-label="Follow me on GitHub" rel="noopener" target="_blank"><svg width="80" height="80" viewBox="0 0 250 250" aria-hidden="true"><path d="M0,0 L115,115 L130,115 L142,142 L250,250 L250,0 Z"></path><path d="M128.3,109.0 C113.8,99.7 119.0,89.6 119.0,89.6 C122.0,82.7 120.5,78.6 120.5,78.6 C119.2,72.0 123.4,76.3 123.4,76.3 C127.3,80.9 125.5,87.3 125.5,87.3 C122.9,97.6 130.6,101.9 134.4,103.2" fill="currentColor" style="transform-origin: 130px 106px;" class="octo-arm"></path><path d="M115.0,115.0 C114.9,115.1 118.7,116.5 119.8,115.4 L133.7,101.6 C136.9,99.2 139.9,98.4 142.2,98.6 C133.8,88.0 127.5,74.4 143.8,58.0 C148.5,53.4 154.0,51.2 159.7,51.0 C160.3,49.4 163.2,43.6 171.4,40.1 C171.4,40.1 176.1,42.5 178.8,56.2 C183.1,58.6 187.2,61.8 190.9,65.4 C194.5,69.0 197.7,73.2 200.1,77.6 C213.8,80.2 216.3,84.9 216.3,84.9 C212.7,93.1 206.9,96.0 205.4,96.6 C205.1,102.4 203.0,107.8 198.3,112.5 C181.9,128.9 168.3,122.5 157.7,114.1 C157.9,116.9 156.7,120.9 152.7,124.9 L141.0,136.5 C139.8,137.7 141.6,141.9 141.8,141.8 Z" fill="currentColor" class="octo-body"></path></svg></a>


    <main class="main">
      <div class="main-inner">
        <div class="content-wrap">
          

          <div class="content">
            

  <div class="posts-expand">
      
  
  
  <article itemscope itemtype="http://schema.org/Article" class="post-block " lang="zh-CN">
    <link itemprop="mainEntityOfPage" href="https://souhup.top/2020/08/30/PostgreSQL%E6%8A%80%E6%9C%AF-CTE%E4%B8%8E%E9%80%92%E5%BD%92%E7%9A%84%E4%BD%BF%E7%94%A8/">

    <span hidden itemprop="author" itemscope itemtype="http://schema.org/Person">
      <meta itemprop="image" content="/images/avatar.jpg">
      <meta itemprop="name" content="souhup">
      <meta itemprop="description" content="">
    </span>

    <span hidden itemprop="publisher" itemscope itemtype="http://schema.org/Organization">
      <meta itemprop="name" content="美好的每一天">
    </span>
      <header class="post-header">
        <h1 class="post-title" itemprop="name headline">
          PostgreSQL技术-CTE与递归的使用
        </h1>

        <div class="post-meta">
            <span class="post-meta-item">
              <span class="post-meta-item-icon">
                <i class="fa fa-calendar-o"></i>
              </span>
              <span class="post-meta-item-text">发表于</span>
              

              <time title="创建时间：2020-08-30 19:23:00 / 修改时间：23:11:31" itemprop="dateCreated datePublished" datetime="2020-08-30T19:23:00+08:00">2020-08-30</time>
            </span>
            <span class="post-meta-item">
              <span class="post-meta-item-icon">
                <i class="fa fa-folder-o"></i>
              </span>
              <span class="post-meta-item-text">分类于</span>
                <span itemprop="about" itemscope itemtype="http://schema.org/Thing">
                  <a href="/categories/technique/" itemprop="url" rel="index">
                    <span itemprop="name">technique</span>
                  </a>
                </span>
            </span>

          <br>
            <span class="post-meta-item" title="本文字数">
              <span class="post-meta-item-icon">
                <i class="fa fa-file-word-o"></i>
              </span>
                <span class="post-meta-item-text">本文字数：</span>
              <span>5.2k</span>
            </span>
            <span class="post-meta-item" title="阅读时长">
              <span class="post-meta-item-icon">
                <i class="fa fa-clock-o"></i>
              </span>
                <span class="post-meta-item-text">阅读时长 &asymp;</span>
              <span>9 分钟</span>
            </span>

        </div>
      </header>

    
    
    
    <div class="post-body" itemprop="articleBody">

      
        <h2 id="PostgreSQL技术-CTE与递归的使用"><a href="#PostgreSQL技术-CTE与递归的使用" class="headerlink" title="PostgreSQL技术-CTE与递归的使用"></a>PostgreSQL技术-CTE与递归的使用</h2><p>我接触PostgreSQL已有一年有余了, 为了分享自己的经验，之后会撰写一些列与之相关的文章。</p>
<h3 id="功能定义"><a href="#功能定义" class="headerlink" title="功能定义"></a>功能定义</h3><p>早在<a href="https://crate.io/docs/sql-99/en/latest/index.html" target="_blank" rel="noopener">SQL:1999</a>中，就定义了通用表表达式和递归查询相关功能. 以WITH开始的部分我们将其称为公共表表达式(Common Table Expression, CTE), 它提供了一种在大型查询中的辅助语句，可以被看成是定义在一个查询中的临时表,它可以将复杂的查询分解为相对简单的多个部分. 虽然WITH中的辅助语句可以是INSERT, DELETE, UPDATE, SELECT, 但我们平时更多的是使用SELECT.</p>
<p>当CTE中添加RECURSIVE修饰符后, 即可实现递归功能.(其实这个处理严格来说不是递归，而是迭代，但RECURSIVE是SQL标准委员会选择的术语)，从结构上看, 可以认为其存在如下形式.</p>
<figure class="highlight sql"><table><tr><td class="gutter"><pre><span class="line">1</span><br><span class="line">2</span><br><span class="line">3</span><br><span class="line">4</span><br><span class="line">5</span><br></pre></td><td class="code"><pre><span class="line"><span class="keyword">WITH</span> <span class="keyword">RECURSIVE</span> cte_name(</span><br><span class="line">    CTE_query_definition <span class="comment">-- 非递归项</span></span><br><span class="line">    <span class="keyword">UNION</span> [<span class="keyword">ALL</span>]</span><br><span class="line">    CTE_query definion   <span class="comment">-- 递归项</span></span><br><span class="line">) <span class="keyword">SELECT</span> * <span class="keyword">FROM</span> cte_name;</span><br></pre></td></tr></table></figure>

<p>递归查询求值的流程</p>
<ol>
<li><p>计算非递归项。对UNION（但不对UNION ALL），抛弃重复行。把所有剩余的行包括在递归查询的结果中，并且也把它们放在一个临时的工作表中。</p>
</li>
<li><p>只要工作表不为空，重复下列步骤：</p>
</li>
</ol>
<p>2.1 计算递归项，用当前工作表的内容替换递归自引用。对UNION（不是UNION ALL），抛弃重复行以及那些与之前结果行重复的行。将剩下的所有行包括在递归查询的结果中，并且也把它们放在一个临时的中间表中。</p>
<p>2.2 用中间表的内容替换工作表的内容，然后清空中间表。</p>
<h3 id="使用场景"><a href="#使用场景" class="headerlink" title="使用场景"></a>使用场景</h3><h4 id="模拟1到100的和"><a href="#模拟1到100的和" class="headerlink" title="模拟1到100的和"></a>模拟1到100的和</h4><p>一般情况下，我们很容易想到通过<code>generate</code>完成本功能</p>
<figure class="highlight sql"><table><tr><td class="gutter"><pre><span class="line">1</span><br><span class="line">2</span><br></pre></td><td class="code"><pre><span class="line"><span class="keyword">select</span> <span class="keyword">sum</span>(<span class="keyword">num</span>)</span><br><span class="line"><span class="keyword">from</span> generate_series(<span class="number">1</span>, <span class="number">100</span>) nums(<span class="keyword">num</span>);</span><br></pre></td></tr></table></figure>

<p>但是, 通过递归CTE也可以实现</p>
<figure class="highlight sql"><table><tr><td class="gutter"><pre><span class="line">1</span><br><span class="line">2</span><br><span class="line">3</span><br><span class="line">4</span><br><span class="line">5</span><br><span class="line">6</span><br><span class="line">7</span><br><span class="line">8</span><br><span class="line">9</span><br></pre></td><td class="code"><pre><span class="line"><span class="keyword">with</span> <span class="keyword">recursive</span> num_generate(<span class="keyword">num</span>) <span class="keyword">as</span> (</span><br><span class="line">    <span class="keyword">values</span> (<span class="number">1</span>)</span><br><span class="line">    <span class="keyword">union</span> <span class="keyword">all</span></span><br><span class="line">    <span class="keyword">select</span> <span class="keyword">num</span> + <span class="number">1</span></span><br><span class="line">    <span class="keyword">from</span> num_generate</span><br><span class="line">    <span class="keyword">where</span> <span class="keyword">num</span> &lt; <span class="number">100</span></span><br><span class="line">)</span><br><span class="line"><span class="keyword">select</span> <span class="keyword">sum</span>(<span class="keyword">num</span>)</span><br><span class="line"><span class="keyword">from</span> num_generate;</span><br></pre></td></tr></table></figure>

<h4 id="加速查询唯一数"><a href="#加速查询唯一数" class="headerlink" title="加速查询唯一数"></a>加速查询唯一数</h4><p>有如下的场景, 我们有一百万条日志数据, 它们分为10个类别</p>
<figure class="highlight sql"><table><tr><td class="gutter"><pre><span class="line">1</span><br><span class="line">2</span><br><span class="line">3</span><br><span class="line">4</span><br><span class="line">5</span><br><span class="line">6</span><br><span class="line">7</span><br><span class="line">8</span><br><span class="line">9</span><br><span class="line">10</span><br><span class="line">11</span><br><span class="line">12</span><br><span class="line">13</span><br><span class="line">14</span><br><span class="line">15</span><br><span class="line">16</span><br></pre></td><td class="code"><pre><span class="line"><span class="comment">-- 我们选择postgresql 13</span></span><br><span class="line"></span><br><span class="line"><span class="comment">-- 创建表</span></span><br><span class="line"><span class="keyword">create</span> <span class="keyword">table</span> test_data</span><br><span class="line">(</span><br><span class="line">    category_id <span class="built_in">int</span>, <span class="comment">-- 类别ID</span></span><br><span class="line">    log_id      <span class="keyword">uuid</span> <span class="comment">-- 日志ID</span></span><br><span class="line">);</span><br><span class="line"></span><br><span class="line"><span class="comment">-- 为类别ID创建索引</span></span><br><span class="line"><span class="keyword">create</span> <span class="keyword">index</span> idx_category <span class="keyword">on</span> test_data <span class="keyword">using</span> btree (category_id);</span><br><span class="line"></span><br><span class="line"><span class="comment">-- 插入模拟数据,</span></span><br><span class="line"><span class="keyword">insert</span> <span class="keyword">into</span> test_data</span><br><span class="line"><span class="keyword">select</span> (random() * <span class="number">100</span>)::<span class="built_in">int</span>, gen_random_uuid()</span><br><span class="line"><span class="keyword">from</span> generate_series(<span class="number">1</span>, <span class="number">1000000</span>);</span><br></pre></td></tr></table></figure>

<p>那么如何快速地查询每一个类别, 常见方法有如下几种</p>
<h5 id="distinct查询"><a href="#distinct查询" class="headerlink" title="distinct查询"></a>distinct查询</h5><p>查询方式:</p>
<figure class="highlight sql"><table><tr><td class="gutter"><pre><span class="line">1</span><br><span class="line">2</span><br></pre></td><td class="code"><pre><span class="line"><span class="keyword">select</span> <span class="keyword">distinct</span> category_id</span><br><span class="line"><span class="keyword">from</span> test_data;</span><br></pre></td></tr></table></figure>

<p>查询计划与耗时:</p>
<figure class="highlight plain"><table><tr><td class="gutter"><pre><span class="line">1</span><br><span class="line">2</span><br><span class="line">3</span><br><span class="line">4</span><br><span class="line">5</span><br><span class="line">6</span><br></pre></td><td class="code"><pre><span class="line">HashAggregate  (cost=18870.00..18871.00 rows=100 width=4) (actual time=155.989..155.997 rows=100 loops=1)</span><br><span class="line">  Group Key: category_id</span><br><span class="line">  Batches: 1  Memory Usage: 24kB</span><br><span class="line">  -&gt;  Seq Scan on test_data  (cost=0.00..16370.00 rows=1000000 width=4) (actual time=0.006..39.345 rows=1000000 loops=1)</span><br><span class="line">Planning Time: 0.041 ms</span><br><span class="line">Execution Time: 156.018 ms</span><br></pre></td></tr></table></figure>

<h5 id="group-by查询"><a href="#group-by查询" class="headerlink" title="group by查询"></a>group by查询</h5><p>查询方式:</p>
<figure class="highlight sql"><table><tr><td class="gutter"><pre><span class="line">1</span><br><span class="line">2</span><br><span class="line">3</span><br></pre></td><td class="code"><pre><span class="line"><span class="keyword">select</span> category_id</span><br><span class="line"><span class="keyword">from</span> test_data</span><br><span class="line"><span class="keyword">group</span> <span class="keyword">by</span> <span class="number">1</span>;</span><br></pre></td></tr></table></figure>

<p>查询计划与耗时:</p>
<figure class="highlight plain"><table><tr><td class="gutter"><pre><span class="line">1</span><br><span class="line">2</span><br><span class="line">3</span><br><span class="line">4</span><br><span class="line">5</span><br><span class="line">6</span><br><span class="line">7</span><br><span class="line">8</span><br><span class="line">9</span><br><span class="line">10</span><br><span class="line">11</span><br><span class="line">12</span><br><span class="line">13</span><br><span class="line">14</span><br><span class="line">15</span><br><span class="line">16</span><br><span class="line">17</span><br><span class="line">18</span><br></pre></td><td class="code"><pre><span class="line">Group  (cost=12582.68..12606.51 rows=100 width=4) (actual time=58.393..60.113 rows=100 loops=1)</span><br><span class="line">  Group Key: category_id</span><br><span class="line">  -&gt;  Gather Merge  (cost=12582.68..12606.01 rows=200 width=4) (actual time=58.392..60.095 rows=300 loops=1)</span><br><span class="line">        Workers Planned: 2</span><br><span class="line">        Workers Launched: 2</span><br><span class="line">        -&gt;  Sort  (cost=11582.66..11582.91 rows=100 width=4) (actual time=55.155..55.163 rows=100 loops=3)</span><br><span class="line">              Sort Key: category_id</span><br><span class="line">              Sort Method: quicksort  Memory: 29kB</span><br><span class="line">              Worker 0:  Sort Method: quicksort  Memory: 29kB</span><br><span class="line">              Worker 1:  Sort Method: quicksort  Memory: 29kB</span><br><span class="line">              -&gt;  Partial HashAggregate  (cost=11578.33..11579.33 rows=100 width=4) (actual time=55.126..55.134 rows=100 loops=3)</span><br><span class="line">                    Group Key: category_id</span><br><span class="line">                    Batches: 1  Memory Usage: 24kB</span><br><span class="line">                    Worker 0:  Batches: 1  Memory Usage: 24kB</span><br><span class="line">                    Worker 1:  Batches: 1  Memory Usage: 24kB</span><br><span class="line">                    -&gt;  Parallel Seq Scan on test_data  (cost=0.00..10536.67 rows=416667 width=4) (actual time=0.006..15.642 rows=333333 loops=3)</span><br><span class="line">Planning Time: 0.040 ms</span><br><span class="line">Execution Time: 60.135 ms</span><br></pre></td></tr></table></figure>

<p>这里之所以比distinct更快，主要原因是利用了并行查询, 我们可以暂时把并行度调整为1</p>
<figure class="highlight sql"><table><tr><td class="gutter"><pre><span class="line">1</span><br></pre></td><td class="code"><pre><span class="line"><span class="keyword">set</span> max_parallel_workers_per_gather = <span class="number">1</span></span><br></pre></td></tr></table></figure>

<p>查询计划与耗时:</p>
<figure class="highlight sql"><table><tr><td class="gutter"><pre><span class="line">1</span><br><span class="line">2</span><br><span class="line">3</span><br><span class="line">4</span><br><span class="line">5</span><br><span class="line">6</span><br></pre></td><td class="code"><pre><span class="line">HashAggregate  (cost=18870.00..18871.00 rows=100 width=4) (actual time=158.472..158.480 rows=100 loops=1)</span><br><span class="line">  Group Key: category_id</span><br><span class="line">  Batches: 1  Memory Usage: 24kB</span><br><span class="line">  -&gt;  Seq Scan on test_data  (cost=0.00..16370.00 rows=1000000 width=4) (actual time=0.007..39.888 rows=1000000 loops=1)</span><br><span class="line">Planning Time: 0.040 ms</span><br><span class="line">Execution Time: 158.499 ms</span><br></pre></td></tr></table></figure>

<h5 id="递归查询"><a href="#递归查询" class="headerlink" title="递归查询"></a>递归查询</h5><p>查询方式:</p>
<figure class="highlight sql"><table><tr><td class="gutter"><pre><span class="line">1</span><br><span class="line">2</span><br><span class="line">3</span><br><span class="line">4</span><br><span class="line">5</span><br><span class="line">6</span><br><span class="line">7</span><br><span class="line">8</span><br><span class="line">9</span><br><span class="line">10</span><br><span class="line">11</span><br></pre></td><td class="code"><pre><span class="line"><span class="keyword">with</span> <span class="keyword">recursive</span> rcs(category_id) <span class="keyword">as</span> (</span><br><span class="line">    <span class="keyword">select</span> <span class="keyword">min</span>(category_id)</span><br><span class="line">    <span class="keyword">from</span> test_data</span><br><span class="line">    <span class="keyword">union</span> <span class="keyword">all</span></span><br><span class="line">    <span class="keyword">select</span> (<span class="keyword">select</span> <span class="keyword">min</span>(test_data.category_id) <span class="keyword">from</span> test_data <span class="keyword">where</span> test_data.category_id &gt; r1.category_id)</span><br><span class="line">    <span class="keyword">from</span> rcs r1</span><br><span class="line">    <span class="keyword">where</span> r1.category_id <span class="keyword">is</span> <span class="keyword">not</span> <span class="literal">null</span></span><br><span class="line">)</span><br><span class="line"><span class="keyword">select</span> <span class="keyword">count</span>(*)</span><br><span class="line"><span class="keyword">from</span> rcs</span><br><span class="line"><span class="keyword">where</span> category_id <span class="keyword">is</span> <span class="keyword">not</span> <span class="literal">null</span>;</span><br></pre></td></tr></table></figure>

<p>查询计划与耗时:</p>
<figure class="highlight plain"><table><tr><td class="gutter"><pre><span class="line">1</span><br><span class="line">2</span><br><span class="line">3</span><br><span class="line">4</span><br><span class="line">5</span><br><span class="line">6</span><br><span class="line">7</span><br><span class="line">8</span><br><span class="line">9</span><br><span class="line">10</span><br><span class="line">11</span><br><span class="line">12</span><br><span class="line">13</span><br><span class="line">14</span><br><span class="line">15</span><br><span class="line">16</span><br><span class="line">17</span><br><span class="line">18</span><br><span class="line">19</span><br><span class="line">20</span><br><span class="line">21</span><br><span class="line">22</span><br><span class="line">23</span><br><span class="line">24</span><br></pre></td><td class="code"><pre><span class="line">Aggregate  (cost=52.59..52.60 rows=1 width=8) (actual time=0.361..0.363 rows=1 loops=1)</span><br><span class="line">  CTE rcs</span><br><span class="line">    -&gt;  Recursive Union  (cost=0.45..50.32 rows=101 width=4) (actual time=0.015..0.340 rows=101 loops=1)</span><br><span class="line">          -&gt;  Result  (cost=0.45..0.46 rows=1 width=4) (actual time=0.015..0.015 rows=1 loops=1)</span><br><span class="line">                InitPlan 3 (returns $1)</span><br><span class="line">                  -&gt;  Limit  (cost=0.42..0.45 rows=1 width=4) (actual time=0.013..0.013 rows=1 loops=1)</span><br><span class="line">                        -&gt;  Index Only Scan using idx_category on test_data test_data_1  (cost=0.42..20920.42 rows=1000000 width=4) (actual time=0.012..0.012 rows=1 loops=1)</span><br><span class="line">                              Index Cond: (category_id IS NOT NULL)</span><br><span class="line">                              Heap Fetches: 0</span><br><span class="line">          -&gt;  WorkTable Scan on rcs r1  (cost=0.00..4.78 rows=10 width=4) (actual time=0.003..0.003 rows=1 loops=101)</span><br><span class="line">                Filter: (category_id IS NOT NULL)</span><br><span class="line">                Rows Removed by Filter: 0</span><br><span class="line">                SubPlan 2</span><br><span class="line">                  -&gt;  Result  (cost=0.45..0.46 rows=1 width=4) (actual time=0.003..0.003 rows=1 loops=100)</span><br><span class="line">                        InitPlan 1 (returns $3)</span><br><span class="line">                          -&gt;  Limit  (cost=0.42..0.45 rows=1 width=4) (actual time=0.002..0.003 rows=1 loops=100)</span><br><span class="line">                                -&gt;  Index Only Scan using idx_category on test_data  (cost=0.42..7807.09 rows=333333 width=4) (actual time=0.002..0.002 rows=1 loops=100)</span><br><span class="line">                                      Index Cond: ((category_id IS NOT NULL) AND (category_id &gt; r1.category_id))</span><br><span class="line">                                      Heap Fetches: 0</span><br><span class="line">  -&gt;  CTE Scan on rcs  (cost=0.00..2.02 rows=100 width=0) (actual time=0.017..0.355 rows=100 loops=1)</span><br><span class="line">        Filter: (category_id IS NOT NULL)</span><br><span class="line">        Rows Removed by Filter: 1</span><br><span class="line">Planning Time: 0.088 ms</span><br><span class="line">Execution Time: 0.419 ms</span><br></pre></td></tr></table></figure>

<h4 id="查询树状结构"><a href="#查询树状结构" class="headerlink" title="查询树状结构"></a>查询树状结构</h4><p>我们定于如下树状数据</p>
<figure class="highlight sql"><table><tr><td class="gutter"><pre><span class="line">1</span><br><span class="line">2</span><br><span class="line">3</span><br><span class="line">4</span><br><span class="line">5</span><br><span class="line">6</span><br><span class="line">7</span><br><span class="line">8</span><br><span class="line">9</span><br><span class="line">10</span><br><span class="line">11</span><br><span class="line">12</span><br><span class="line">13</span><br><span class="line">14</span><br><span class="line">15</span><br><span class="line">16</span><br><span class="line">17</span><br><span class="line">18</span><br><span class="line">19</span><br><span class="line">20</span><br><span class="line">21</span><br><span class="line">22</span><br></pre></td><td class="code"><pre><span class="line"><span class="comment">-- 创建表</span></span><br><span class="line"><span class="keyword">create</span> <span class="keyword">table</span> test_data</span><br><span class="line">(</span><br><span class="line">    node_id       <span class="built_in">int</span>, <span class="comment">-- 节点ID</span></span><br><span class="line">    child_node_id <span class="built_in">int</span>  <span class="comment">-- 该节点的子节点</span></span><br><span class="line">);</span><br><span class="line"></span><br><span class="line"><span class="comment">-- 插入数据</span></span><br><span class="line"><span class="keyword">insert</span> <span class="keyword">into</span> test_data</span><br><span class="line"><span class="keyword">values</span> (<span class="number">0</span>, <span class="number">1</span>),</span><br><span class="line">       (<span class="number">0</span>, <span class="number">2</span>),</span><br><span class="line"></span><br><span class="line">       (<span class="number">1</span>, <span class="number">10</span>),</span><br><span class="line">       (<span class="number">1</span>, <span class="number">11</span>),</span><br><span class="line">       (<span class="number">1</span>, <span class="number">12</span>),</span><br><span class="line">       (<span class="number">2</span>, <span class="number">20</span>),</span><br><span class="line">       (<span class="number">2</span>, <span class="number">21</span>),</span><br><span class="line"></span><br><span class="line">       (<span class="number">10</span>, <span class="number">101</span>),</span><br><span class="line">       (<span class="number">10</span>, <span class="number">102</span>),</span><br><span class="line">       (<span class="number">11</span>, <span class="number">110</span>),</span><br><span class="line">       (<span class="number">21</span>, <span class="number">210</span>);</span><br></pre></td></tr></table></figure>

<p>查询语句</p>
<figure class="highlight sql"><table><tr><td class="gutter"><pre><span class="line">1</span><br><span class="line">2</span><br><span class="line">3</span><br><span class="line">4</span><br><span class="line">5</span><br><span class="line">6</span><br><span class="line">7</span><br><span class="line">8</span><br><span class="line">9</span><br></pre></td><td class="code"><pre><span class="line"><span class="keyword">with</span> <span class="keyword">recursive</span> rsc(node_id, <span class="keyword">path</span>) <span class="keyword">as</span> (</span><br><span class="line">    <span class="keyword">values</span> (<span class="number">0</span>, <span class="string">'0'</span>)</span><br><span class="line">    <span class="keyword">union</span> <span class="keyword">all</span></span><br><span class="line">    <span class="keyword">select</span> test_data.child_node_id, <span class="keyword">format</span>(<span class="string">'%s -&gt; %s'</span>, r1.path, test_data.child_node_id)</span><br><span class="line">    <span class="keyword">from</span> rsc r1</span><br><span class="line">             <span class="keyword">join</span> test_data <span class="keyword">using</span> (node_id)</span><br><span class="line">)</span><br><span class="line"><span class="keyword">select</span> <span class="keyword">path</span></span><br><span class="line"><span class="keyword">from</span> rsc;</span><br></pre></td></tr></table></figure>

<p>查询结果</p>
<figure class="highlight"><table><tr><td class="gutter"><pre><span class="line">1</span><br><span class="line">2</span><br><span class="line">3</span><br><span class="line">4</span><br><span class="line">5</span><br><span class="line">6</span><br><span class="line">7</span><br><span class="line">8</span><br><span class="line">9</span><br><span class="line">10</span><br><span class="line">11</span><br><span class="line">12</span><br></pre></td><td class="code"><pre><span class="line">0</span><br><span class="line">0 -&gt; 1</span><br><span class="line">0 -&gt; 2</span><br><span class="line">0 -&gt; 1 -&gt; 10</span><br><span class="line">0 -&gt; 1 -&gt; 11</span><br><span class="line">0 -&gt; 1 -&gt; 12</span><br><span class="line">0 -&gt; 2 -&gt; 20</span><br><span class="line">0 -&gt; 2 -&gt; 21</span><br><span class="line">0 -&gt; 1 -&gt; 10 -&gt; 101</span><br><span class="line">0 -&gt; 1 -&gt; 10 -&gt; 102</span><br><span class="line">0 -&gt; 1 -&gt; 11 -&gt; 110</span><br><span class="line">0 -&gt; 2 -&gt; 21 -&gt; 210</span><br></pre></td></tr></table></figure>


    </div>

    
    
    

      <footer class="post-footer">
          <div class="post-tags">
              <a href="/tags/postgres/" rel="tag"># postgres</a>
              <a href="/tags/sql/" rel="tag"># sql</a>
              <a href="/tags/recursive/" rel="tag"># recursive</a>
              <a href="/tags/cte/" rel="tag"># cte</a>
          </div>

        

          <div class="post-nav">
            <div class="post-nav-next post-nav-item">
                <a href="/2020/07/26/%E8%AE%A1%E7%AE%97%E6%95%B4%E6%95%B0%E5%9C%A8%E4%BA%8C%E8%BF%9B%E5%88%B6%E5%BD%A2%E5%BC%8F%E4%B8%8B1%E7%9A%84%E4%B8%AA%E6%95%B0/" rel="next" title="计算整数在二进制形式下1的个数">
                  <i class="fa fa-chevron-left"></i> 计算整数在二进制形式下1的个数
                </a>
            </div>

            <span class="post-nav-divider"></span>

            <div class="post-nav-prev post-nav-item">
            </div>
          </div>
      </footer>
    
  </article>
  
  
  

  </div>


          </div>
          

        </div>
          
  
  <div class="toggle sidebar-toggle">
    <span class="toggle-line toggle-line-first"></span>
    <span class="toggle-line toggle-line-middle"></span>
    <span class="toggle-line toggle-line-last"></span>
  </div>

  <aside class="sidebar">
    <div class="sidebar-inner">

      <ul class="sidebar-nav motion-element">
        <li class="sidebar-nav-toc">
          文章目录
        </li>
        <li class="sidebar-nav-overview">
          站点概览
        </li>
      </ul>

      <!--noindex-->
      <div class="post-toc-wrap sidebar-panel">
          <div class="post-toc motion-element"><ol class="nav"><li class="nav-item nav-level-2"><a class="nav-link" href="#PostgreSQL技术-CTE与递归的使用"><span class="nav-number">1.</span> <span class="nav-text">PostgreSQL技术-CTE与递归的使用</span></a><ol class="nav-child"><li class="nav-item nav-level-3"><a class="nav-link" href="#功能定义"><span class="nav-number">1.1.</span> <span class="nav-text">功能定义</span></a></li><li class="nav-item nav-level-3"><a class="nav-link" href="#使用场景"><span class="nav-number">1.2.</span> <span class="nav-text">使用场景</span></a><ol class="nav-child"><li class="nav-item nav-level-4"><a class="nav-link" href="#模拟1到100的和"><span class="nav-number">1.2.1.</span> <span class="nav-text">模拟1到100的和</span></a></li><li class="nav-item nav-level-4"><a class="nav-link" href="#加速查询唯一数"><span class="nav-number">1.2.2.</span> <span class="nav-text">加速查询唯一数</span></a><ol class="nav-child"><li class="nav-item nav-level-5"><a class="nav-link" href="#distinct查询"><span class="nav-number">1.2.2.1.</span> <span class="nav-text">distinct查询</span></a></li><li class="nav-item nav-level-5"><a class="nav-link" href="#group-by查询"><span class="nav-number">1.2.2.2.</span> <span class="nav-text">group by查询</span></a></li><li class="nav-item nav-level-5"><a class="nav-link" href="#递归查询"><span class="nav-number">1.2.2.3.</span> <span class="nav-text">递归查询</span></a></li></ol></li><li class="nav-item nav-level-4"><a class="nav-link" href="#查询树状结构"><span class="nav-number">1.2.3.</span> <span class="nav-text">查询树状结构</span></a></li></ol></li></ol></li></ol></div>
      </div>
      <!--/noindex-->

      <div class="site-overview-wrap sidebar-panel">
        <div class="site-author motion-element" itemprop="author" itemscope itemtype="http://schema.org/Person">
  <img class="site-author-image" itemprop="image" alt="souhup"
    src="/images/avatar.jpg">
  <p class="site-author-name" itemprop="name">souhup</p>
  <div class="site-description" itemprop="description"></div>
</div>
<div class="site-state-wrap motion-element">
  <nav class="site-state">
      <div class="site-state-item site-state-posts">
          <a href="/archives/">
        
          <span class="site-state-item-count">9</span>
          <span class="site-state-item-name">日志</span>
        </a>
      </div>
      <div class="site-state-item site-state-categories">
            <a href="/categories/">
          
        <span class="site-state-item-count">3</span>
        <span class="site-state-item-name">分类</span></a>
      </div>
      <div class="site-state-item site-state-tags">
            <a href="/tags/">
          
        <span class="site-state-item-count">28</span>
        <span class="site-state-item-name">标签</span></a>
      </div>
  </nav>
</div>



      </div>

    </div>
  </aside>
  <div id="sidebar-dimmer"></div>


      </div>
    </main>

    <footer class="footer">
      <div class="footer-inner">
        

<div class="copyright">
  
  &copy; 
  <span itemprop="copyrightYear">2020</span>
  <span class="with-love">
    <i class="fa fa-user"></i>
  </span>
  <span class="author" itemprop="copyrightHolder">souhup</span>
    <span class="post-meta-divider">|</span>
    <span class="post-meta-item-icon">
      <i class="fa fa-area-chart"></i>
    </span>
    <span title="站点总字数">20k</span>
    <span class="post-meta-divider">|</span>
    <span class="post-meta-item-icon">
      <i class="fa fa-coffee"></i>
    </span>
    <span title="站点阅读时长">33 分钟</span>
</div>

        












        
      </div>
    </footer>
  </div>

  
  <script src="/lib/anime.min.js"></script>
  <script src="/lib/velocity/velocity.min.js"></script>
  <script src="/lib/velocity/velocity.ui.min.js"></script>
<script src="/js/utils.js"></script><script src="/js/motion.js"></script>
<script src="/js/schemes/muse.js"></script>
<script src="/js/next-boot.js"></script>



  




  <script src="/js/local-search.js"></script>













  

  

</body>
</html>
